c:\users\ricar\onedrive - isec\isec\cadeiras\sistemasoperativos2\tparkanoid\client\client\debug\client.pch
c:\users\ricar\onedrive - isec\isec\cadeiras\sistemasoperativos2\tparkanoid\client\client\debug\vc141.pdb
c:\users\ricar\onedrive - isec\isec\cadeiras\sistemasoperativos2\tparkanoid\client\client\debug\vc141.idb
c:\users\ricar\onedrive - isec\isec\cadeiras\sistemasoperativos2\tparkanoid\client\client\debug\pch.obj
c:\users\ricar\onedrive - isec\isec\cadeiras\sistemasoperativos2\tparkanoid\client\client\debug\client.obj
c:\users\ricar\desktop\tparkanoid\client\client\debug\client.pch
c:\users\ricar\desktop\tparkanoid\client\client\debug\vc141.pdb
c:\users\ricar\desktop\tparkanoid\client\client\debug\vc141.idb
c:\users\ricar\desktop\tparkanoid\client\client\debug\pch.obj
c:\users\ricar\desktop\tparkanoid\client\client\debug\client.obj
c:\users\ricar\onedrive - isec\isec\cadeiras\sistemasoperativos2\arkanoid-so2\tparkanoid\client\client\debug\client.pch
c:\users\ricar\onedrive - isec\isec\cadeiras\sistemasoperativos2\arkanoid-so2\tparkanoid\client\client\debug\vc141.pdb
c:\users\ricar\onedrive - isec\isec\cadeiras\sistemasoperativos2\arkanoid-so2\tparkanoid\client\client\debug\vc141.idb
c:\users\ricar\onedrive - isec\isec\cadeiras\sistemasoperativos2\arkanoid-so2\tparkanoid\client\client\debug\pch.obj
c:\users\ricar\onedrive - isec\isec\cadeiras\sistemasoperativos2\arkanoid-so2\tparkanoid\client\client\debug\client.obj
c:\users\ricar\onedrive - isec\isec\cadeiras\sistemasoperativos2\tparkanoid\client\debug\client.ilk
c:\users\ricar\onedrive - isec\isec\cadeiras\sistemasoperativos2\tparkanoid\client\debug\client.exe
c:\users\ricar\onedrive - isec\isec\cadeiras\sistemasoperativos2\tparkanoid\client\debug\client.pdb
c:\users\ricar\desktop\tparkanoid\client\debug\client.exe
c:\users\ricar\desktop\tparkanoid\client\debug\client.ilk
c:\users\ricar\desktop\tparkanoid\client\debug\client.pdb
c:\users\ricar\onedrive - isec\isec\cadeiras\sistemasoperativos2\arkanoid-so2\tparkanoid\client\debug\client.exe
c:\users\ricar\onedrive - isec\isec\cadeiras\sistemasoperativos2\arkanoid-so2\tparkanoid\client\debug\client.ilk
c:\users\ricar\onedrive - isec\isec\cadeiras\sistemasoperativos2\arkanoid-so2\tparkanoid\client\debug\client.pdb
c:\users\ricar\onedrive - isec\isec\cadeiras\sistemasoperativos2\arkanoid-so2\tparkanoid\client\client\debug\client.tlog\cl.command.1.tlog
c:\users\ricar\onedrive - isec\isec\cadeiras\sistemasoperativos2\arkanoid-so2\tparkanoid\client\client\debug\client.tlog\cl.read.1.tlog
c:\users\ricar\onedrive - isec\isec\cadeiras\sistemasoperativos2\arkanoid-so2\tparkanoid\client\client\debug\client.tlog\cl.write.1.tlog
c:\users\ricar\onedrive - isec\isec\cadeiras\sistemasoperativos2\arkanoid-so2\tparkanoid\client\client\debug\client.tlog\link.command.1.tlog
c:\users\ricar\onedrive - isec\isec\cadeiras\sistemasoperativos2\arkanoid-so2\tparkanoid\client\client\debug\client.tlog\link.read.1.tlog
c:\users\ricar\onedrive - isec\isec\cadeiras\sistemasoperativos2\arkanoid-so2\tparkanoid\client\client\debug\client.tlog\link.write.1.tlog
